0 info it worked if it ends with ok
1 verbose cli [ '/usr/local/Cellar/node/7.3.0/bin/node',
1 verbose cli   '/usr/local/bin/npm',
1 verbose cli   'start' ]
2 info using npm@3.10.10
3 info using node@v7.3.0
4 verbose run-script [ 'prestart', 'start', 'poststart' ]
5 info lifecycle social-experience@0.0.0~prestart: social-experience@0.0.0
6 silly lifecycle social-experience@0.0.0~prestart: no script for prestart, continuing
7 info lifecycle social-experience@0.0.0~start: social-experience@0.0.0
8 verbose lifecycle social-experience@0.0.0~start: unsafe-perm in lifecycle true
9 verbose lifecycle social-experience@0.0.0~start: PATH: /usr/local/lib/node_modules/npm/bin/node-gyp-bin:/Users/George/Documents/JS/social-experience/node_modules/.bin:/usr/local/Cellar/node/7.3.0/bin:/Users/George/.rvm/gems/ruby-2.3.1/bin:/Users/George/.rvm/gems/ruby-2.3.1@global/bin:/Users/George/.rvm/rubies/ruby-2.3.1/bin:/usr/local/bin:/usr/bin:/bin:/usr/sbin:/sbin:/Users/George/Documents:/Users/George/.rvm/bin
10 verbose lifecycle social-experience@0.0.0~start: CWD: /Users/George/Documents/JS/social-experience
11 silly lifecycle social-experience@0.0.0~start: Args: [ '-c', 'node ./app.js' ]
12 silly lifecycle social-experience@0.0.0~start: Returned: code: 1  signal: null
13 info lifecycle social-experience@0.0.0~start: Failed to exec start script
14 verbose stack Error: social-experience@0.0.0 start: `node ./app.js`
14 verbose stack Exit status 1
14 verbose stack     at EventEmitter.<anonymous> (/usr/local/lib/node_modules/npm/lib/utils/lifecycle.js:255:16)
14 verbose stack     at emitTwo (events.js:106:13)
14 verbose stack     at EventEmitter.emit (events.js:191:7)
14 verbose stack     at ChildProcess.<anonymous> (/usr/local/lib/node_modules/npm/lib/utils/spawn.js:40:14)
14 verbose stack     at emitTwo (events.js:106:13)
14 verbose stack     at ChildProcess.emit (events.js:191:7)
14 verbose stack     at maybeClose (internal/child_process.js:885:16)
14 verbose stack     at Process.ChildProcess._handle.onexit (internal/child_process.js:226:5)
15 verbose pkgid social-experience@0.0.0
16 verbose cwd /Users/George/Documents/JS/social-experience
17 error Darwin 16.0.0
18 error argv "/usr/local/Cellar/node/7.3.0/bin/node" "/usr/local/bin/npm" "start"
19 error node v7.3.0
20 error npm  v3.10.10
21 error code ELIFECYCLE
22 error social-experience@0.0.0 start: `node ./app.js`
22 error Exit status 1
23 error Failed at the social-experience@0.0.0 start script 'node ./app.js'.
23 error Make sure you have the latest version of node.js and npm installed.
23 error If you do, this is most likely a problem with the social-experience package,
23 error not with npm itself.
23 error Tell the author that this fails on your system:
23 error     node ./app.js
23 error You can get information on how to open an issue for this project with:
23 error     npm bugs social-experience
23 error Or if that isn't available, you can get their info via:
23 error     npm owner ls social-experience
23 error There is likely additional logging output above.
24 verbose exit [ 1, true ]
